0 info it worked if it ends with ok
1 verbose cli [ '/usr/local/Cellar/node/7.1.0/bin/node',
1 verbose cli   '/usr/local/bin/npm',
1 verbose cli   'start' ]
2 info using npm@3.10.9
3 info using node@v7.1.0
4 warn onload-script failed to require onload script npm-autoinit/autoinit
5 warn onload-script Error: Cannot find module 'npm-autoinit/autoinit'
5 warn onload-script     at Function.Module._resolveFilename (module.js:472:15)
5 warn onload-script     at Function.Module._load (module.js:420:25)
5 warn onload-script     at Module.require (module.js:500:17)
5 warn onload-script     at require (internal/module.js:20:19)
5 warn onload-script     at cb (/usr/local/lib/node_modules/npm/lib/npm.js:199:11)
5 warn onload-script     at /usr/local/lib/node_modules/npm/lib/npm.js:304:16
5 warn onload-script     at /usr/local/lib/node_modules/npm/lib/config/core.js:81:7
5 warn onload-script     at Array.forEach (native)
5 warn onload-script     at /usr/local/lib/node_modules/npm/lib/config/core.js:80:13
5 warn onload-script     at f (/usr/local/lib/node_modules/npm/node_modules/once/once.js:25:25)
5 warn onload-script  { Error: Cannot find module 'npm-autoinit/autoinit'
5 warn onload-script     at Function.Module._resolveFilename (module.js:472:15)
5 warn onload-script     at Function.Module._load (module.js:420:25)
5 warn onload-script     at Module.require (module.js:500:17)
5 warn onload-script     at require (internal/module.js:20:19)
5 warn onload-script     at cb (/usr/local/lib/node_modules/npm/lib/npm.js:199:11)
5 warn onload-script     at /usr/local/lib/node_modules/npm/lib/npm.js:304:16
5 warn onload-script     at /usr/local/lib/node_modules/npm/lib/config/core.js:81:7
5 warn onload-script     at Array.forEach (native)
5 warn onload-script     at /usr/local/lib/node_modules/npm/lib/config/core.js:80:13
5 warn onload-script     at f (/usr/local/lib/node_modules/npm/node_modules/once/once.js:25:25) code: 'MODULE_NOT_FOUND' }
6 verbose run-script [ 'prestart', 'start', 'poststart' ]
7 info lifecycle @socialtables/apprentice_test_infra@1.0.0~prestart: @socialtables/apprentice_test_infra@1.0.0
8 silly lifecycle @socialtables/apprentice_test_infra@1.0.0~prestart: no script for prestart, continuing
9 info lifecycle @socialtables/apprentice_test_infra@1.0.0~start: @socialtables/apprentice_test_infra@1.0.0
10 verbose lifecycle @socialtables/apprentice_test_infra@1.0.0~start: unsafe-perm in lifecycle true
11 verbose lifecycle @socialtables/apprentice_test_infra@1.0.0~start: PATH: /usr/local/lib/node_modules/npm/bin/node-gyp-bin:/Users/LaFrish/work/socialtables/platform-challenge/node_modules/.bin:/usr/local/Cellar/node/7.1.0/bin:/Users/LaFrish/.rvm/gems/ruby-2.2.4/bin:/Users/LaFrish/.rvm/gems/ruby-2.2.4@global/bin:/Users/LaFrish/.rvm/rubies/ruby-2.2.4/bin:/usr/local/bin:/usr/local/bin:/usr/local/bin:/usr/local/bin:/usr/bin:/bin:/usr/sbin:/sbin:/usr/local/go/bin:/Applications/Postgres.app/Contents/Versions/latest/bin:/Users/LaFrish/.rvm/bin
12 verbose lifecycle @socialtables/apprentice_test_infra@1.0.0~start: CWD: /Users/LaFrish/work/socialtables/platform-challenge
13 silly lifecycle @socialtables/apprentice_test_infra@1.0.0~start: Args: [ '-c', 'node index.js' ]
14 silly lifecycle @socialtables/apprentice_test_infra@1.0.0~start: Returned: code: 1  signal: null
15 info lifecycle @socialtables/apprentice_test_infra@1.0.0~start: Failed to exec start script
16 verbose stack Error: @socialtables/apprentice_test_infra@1.0.0 start: `node index.js`
16 verbose stack Exit status 1
16 verbose stack     at EventEmitter.<anonymous> (/usr/local/lib/node_modules/npm/lib/utils/lifecycle.js:255:16)
16 verbose stack     at emitTwo (events.js:106:13)
16 verbose stack     at EventEmitter.emit (events.js:191:7)
16 verbose stack     at ChildProcess.<anonymous> (/usr/local/lib/node_modules/npm/lib/utils/spawn.js:40:14)
16 verbose stack     at emitTwo (events.js:106:13)
16 verbose stack     at ChildProcess.emit (events.js:191:7)
16 verbose stack     at maybeClose (internal/child_process.js:885:16)
16 verbose stack     at Process.ChildProcess._handle.onexit (internal/child_process.js:226:5)
17 verbose pkgid @socialtables/apprentice_test_infra@1.0.0
18 verbose cwd /Users/LaFrish/work/socialtables/platform-challenge
19 error Darwin 16.1.0
20 error argv "/usr/local/Cellar/node/7.1.0/bin/node" "/usr/local/bin/npm" "start"
21 error node v7.1.0
22 error npm  v3.10.9
23 error code ELIFECYCLE
24 error @socialtables/apprentice_test_infra@1.0.0 start: `node index.js`
24 error Exit status 1
25 error Failed at the @socialtables/apprentice_test_infra@1.0.0 start script 'node index.js'.
25 error Make sure you have the latest version of node.js and npm installed.
25 error If you do, this is most likely a problem with the @socialtables/apprentice_test_infra package,
25 error not with npm itself.
25 error Tell the author that this fails on your system:
25 error     node index.js
25 error You can get information on how to open an issue for this project with:
25 error     npm bugs @socialtables/apprentice_test_infra
25 error Or if that isn't available, you can get their info via:
25 error     npm owner ls @socialtables/apprentice_test_infra
25 error There is likely additional logging output above.
26 verbose exit [ 1, true ]
